0 info it worked if it ends with ok
1 verbose cli [ '/Users/sammccord/.nvm/v0.10.33/bin/node',
1 verbose cli   '/Users/sammccord/.nvm/v0.10.33/bin/npm',
1 verbose cli   'build',
1 verbose cli   '.' ]
2 info using npm@1.4.28
3 info using node@v0.10.33
4 info build /Users/sammccord/Downloads/sdk/samples/node_test_export
5 info preinstall modulename@1.0.0
6 verbose linkStuff [ false, false, false, '/Users/sammccord/Downloads/sdk/samples' ]
7 info linkStuff modulename@1.0.0
8 verbose linkBins modulename@1.0.0
9 verbose linkMans modulename@1.0.0
10 verbose rebuildBundles modulename@1.0.0
11 info install modulename@1.0.0
12 verbose unsafe-perm in lifecycle true
13 info modulename@1.0.0 Failed to exec install script
14 error modulename@1.0.0 install: `node-gyp rebuild`
14 error Exit status 1
15 error Failed at the modulename@1.0.0 install script.
15 error This is most likely a problem with the modulename package,
15 error not with npm itself.
15 error Tell the author that this fails on your system:
15 error     node-gyp rebuild
15 error You can get their info via:
15 error     npm owner ls modulename
15 error There is likely additional logging output above.
16 error System Darwin 14.0.0
17 error command "/Users/sammccord/.nvm/v0.10.33/bin/node" "/Users/sammccord/.nvm/v0.10.33/bin/npm" "build" "."
18 error cwd /Users/sammccord/Downloads/sdk/samples/node_test_export
19 error node -v v0.10.33
20 error npm -v 1.4.28
21 error code ELIFECYCLE
22 verbose exit [ 1, true ]
